<?xml version="1.0" encoding="UTF-8"?>
<testsuite xmlns:xsi="http://www.w3.org/2001/XMLSchema-instance" xsi:noNamespaceSchemaLocation="https://maven.apache.org/surefire/maven-surefire-plugin/xsd/surefire-test-report-3.0.xsd" version="3.0" name="runners.RunnerTest" time="79.791" tests="10" errors="0" skipped="0" failures="0">
  <properties>
[...]
</properties>
  <testcase name="User is shown the Sitemap and FindAStore option upon navigating to Sitemap link" classname="SiteMap and nearby stores scenarios" time="8.077">
    <system-out><![CDATA[
@Sitemap_visibility
Scenario: User is shown the Sitemap and FindAStore option upon navigating to Sitemap link &amp#27;[90m# src/test/resources/Features/SiteMap.feature:8&amp#27;[0m
00:47:35.893 [main] INFO  step_definitions.Hooks - Launch Chrome Browser
  &amp#27;[32mGiven &amp#27;[0m&amp#27;[32ma user is on the Home Page&amp#27;[0m                                                        &amp#27;[90m# step_definitions.InternetAndDealsSteps.aUserIsOnTheXfinityHomePage()&amp#27;[0m
  &amp#27;[32mWhen &amp#27;[0m&amp#27;[32mUser navigates to SiteMap&amp#27;[0m                                                          &amp#27;[90m# step_definitions.SiteMapSteps.userNavigatesToSiteMap()&amp#27;[0m
  &amp#27;[32mThen &amp#27;[0m&amp#27;[32mUser should see Site map and FindAStore option&amp#27;[0m                                     &amp#27;[90m# step_definitions.SiteMapSteps.userShouldSeeSiteMapAndFindAStoreOption()&amp#27;[0m
00:47:42.004 [main] INFO  step_definitions.Hooks - close Chrome Browser
]]></system-out>
    <system-err><![CDATA[SLF4J: Failed to load class "org.slf4j.impl.StaticLoggerBinder".
SLF4J: Defaulting to no-operation (NOP) logger implementation
SLF4J: See http://www.slf4j.org/codes.html#StaticLoggerBinder for further details.
Starting ChromeDriver 93.0.4577.63 (ff5c0da2ec0adeaed5550e6c7e98417dac77d98a-refs/branch-heads/4577@{#1135}) on port 37958
Only local connections are allowed.
Please see https://chromedriver.chromium.org/security-considerations for suggestions on keeping ChromeDriver safe.
ChromeDriver was started successfully.
Sep 19, 2021 12:47:35 AM org.openqa.selenium.remote.ProtocolHandshake createSession
INFO: Detected dialect: W3C
]]></system-err>
  </testcase>
  <testcase name="User is given nearby stores information upon entering location" classname="SiteMap and nearby stores scenarios" time="9.07">
    <system-out><![CDATA[
@Find_A_Store_near_location_dataTable
Scenario: User is given nearby stores information upon entering location &amp#27;[90m# src/test/resources/Features/SiteMap.feature:14&amp#27;[0m
00:47:43.092 [main] INFO  step_definitions.Hooks - Launch Chrome Browser
  &amp#27;[32mGiven &amp#27;[0m&amp#27;[32ma user is on the Home Page&amp#27;[0m                                       &amp#27;[90m# step_definitions.InternetAndDealsSteps.aUserIsOnTheXfinityHomePage()&amp#27;[0m
  &amp#27;[32mWhen &amp#27;[0m&amp#27;[32mUser navigates to SiteMap&amp#27;[0m                                         &amp#27;[90m# step_definitions.SiteMapSteps.userNavigatesToSiteMap()&amp#27;[0m
  &amp#27;[32mAnd &amp#27;[0m&amp#27;[32mNavigates to Find A Store tab&amp#27;[0m                                      &amp#27;[90m# step_definitions.SiteMapSteps.navigatesToFindAStoreTab()&amp#27;[0m
  &amp#27;[32mThen &amp#27;[0m&amp#27;[32mUser should see nearby store information upon entering location&amp#27;[0m   &amp#27;[90m# step_definitions.SiteMapSteps.userShouldSeeNearbyStoreInformationUponEnteringLocation(io.cucumber.datatable.DataTable)&amp#27;[0m
00:47:51.076 [main] INFO  step_definitions.Hooks - close Chrome Browser
]]></system-out>
    <system-err><![CDATA[Starting ChromeDriver 93.0.4577.63 (ff5c0da2ec0adeaed5550e6c7e98417dac77d98a-refs/branch-heads/4577@{#1135}) on port 24687
Only local connections are allowed.
Please see https://chromedriver.chromium.org/security-considerations for suggestions on keeping ChromeDriver safe.
ChromeDriver was started successfully.
Sep 19, 2021 12:47:43 AM org.openqa.selenium.remote.ProtocolHandshake createSession
INFO: Detected dialect: W3C
]]></system-err>
  </testcase>
  <testcase name="User is given nearby stores information upon entering location parameterized #1" classname="SiteMap and nearby stores scenarios" time="8.481">
    <system-out><![CDATA[
@Find_A_Store_near_location_parameterized
Scenario Outline: User is given nearby stores information upon entering location parameterized &amp#27;[90m# src/test/resources/Features/SiteMap.feature:30&amp#27;[0m
00:47:52.153 [main] INFO  step_definitions.Hooks - Launch Chrome Browser
  &amp#27;[32mGiven &amp#27;[0m&amp#27;[32ma user is on the Home Page&amp#27;[0m                                                             &amp#27;[90m# step_definitions.InternetAndDealsSteps.aUserIsOnTheXfinityHomePage()&amp#27;[0m
  &amp#27;[32mWhen &amp#27;[0m&amp#27;[32mUser navigates to SiteMap&amp#27;[0m                                                               &amp#27;[90m# step_definitions.SiteMapSteps.userNavigatesToSiteMap()&amp#27;[0m
  &amp#27;[32mAnd &amp#27;[0m&amp#27;[32mNavigates to Find A Store tab&amp#27;[0m                                                            &amp#27;[90m# step_definitions.SiteMapSteps.navigatesToFindAStoreTab()&amp#27;[0m
  &amp#27;[32mThen &amp#27;[0m&amp#27;[32mUser can use location "&amp#27;[0m&amp#27;[32m&amp#27;[1mSterling, VA&amp#27;[0m&amp#27;[32m" to find out nearby store "&amp#27;[0m&amp#27;[32m&amp#27;[1m20453 Exchange St&amp#27;[0m&amp#27;[32m"&amp#27;[0m       &amp#27;[90m# step_definitions.SiteMapSteps.user_can_use_location_to_find_out_nearby_store(java.lang.String,java.lang.String)&amp#27;[0m
00:47:59.558 [main] INFO  step_definitions.Hooks - close Chrome Browser
]]></system-out>
    <system-err><![CDATA[Starting ChromeDriver 93.0.4577.63 (ff5c0da2ec0adeaed5550e6c7e98417dac77d98a-refs/branch-heads/4577@{#1135}) on port 24874
Only local connections are allowed.
Please see https://chromedriver.chromium.org/security-considerations for suggestions on keeping ChromeDriver safe.
ChromeDriver was started successfully.
Sep 19, 2021 12:47:52 AM org.openqa.selenium.remote.ProtocolHandshake createSession
INFO: Detected dialect: W3C
]]></system-err>
  </testcase>
  <testcase name="User is given nearby stores information upon entering location parameterized #2" classname="SiteMap and nearby stores scenarios" time="10.02">
    <system-out><![CDATA[
@Find_A_Store_near_location_parameterized
Scenario Outline: User is given nearby stores information upon entering location parameterized &amp#27;[90m# src/test/resources/Features/SiteMap.feature:31&amp#27;[0m
00:48:00.655 [main] INFO  step_definitions.Hooks - Launch Chrome Browser
  &amp#27;[32mGiven &amp#27;[0m&amp#27;[32ma user is on the Home Page&amp#27;[0m                                                             &amp#27;[90m# step_definitions.InternetAndDealsSteps.aUserIsOnTheXfinityHomePage()&amp#27;[0m
  &amp#27;[32mWhen &amp#27;[0m&amp#27;[32mUser navigates to SiteMap&amp#27;[0m                                                               &amp#27;[90m# step_definitions.SiteMapSteps.userNavigatesToSiteMap()&amp#27;[0m
  &amp#27;[32mAnd &amp#27;[0m&amp#27;[32mNavigates to Find A Store tab&amp#27;[0m                                                            &amp#27;[90m# step_definitions.SiteMapSteps.navigatesToFindAStoreTab()&amp#27;[0m
  &amp#27;[32mThen &amp#27;[0m&amp#27;[32mUser can use location "&amp#27;[0m&amp#27;[32m&amp#27;[1mFrederick, MD&amp#27;[0m&amp#27;[32m" to find out nearby store "&amp#27;[0m&amp#27;[32m&amp#27;[1m1700 Kingfisher Drive&amp#27;[0m&amp#27;[32m"&amp#27;[0m  &amp#27;[90m# step_definitions.SiteMapSteps.user_can_use_location_to_find_out_nearby_store(java.lang.String,java.lang.String)&amp#27;[0m
00:48:09.577 [main] INFO  step_definitions.Hooks - close Chrome Browser
]]></system-out>
    <system-err><![CDATA[Starting ChromeDriver 93.0.4577.63 (ff5c0da2ec0adeaed5550e6c7e98417dac77d98a-refs/branch-heads/4577@{#1135}) on port 29746
Only local connections are allowed.
Please see https://chromedriver.chromium.org/security-considerations for suggestions on keeping ChromeDriver safe.
ChromeDriver was started successfully.
Sep 19, 2021 12:48:00 AM org.openqa.selenium.remote.ProtocolHandshake createSession
INFO: Detected dialect: W3C
]]></system-err>
  </testcase>
  <testcase name="User is shown recommended internet speed upon selecting device and usage options" classname="xfinity internet speed and deals Scenarios" time="8.63">
    <system-out><![CDATA[
@internet_speed_options
Scenario: User is shown recommended internet speed upon selecting device and usage options &amp#27;[90m# src/test/resources/Features/internetDeals.feature:8&amp#27;[0m
00:48:10.668 [main] INFO  step_definitions.Hooks - Launch Chrome Browser
  &amp#27;[32mGiven &amp#27;[0m&amp#27;[32ma user is on the Home Page&amp#27;[0m                                                         &amp#27;[90m# step_definitions.InternetAndDealsSteps.aUserIsOnTheXfinityHomePage()&amp#27;[0m
  &amp#27;[32mWhen &amp#27;[0m&amp#27;[32mUser navigates to internet page&amp#27;[0m                                                     &amp#27;[90m# step_definitions.InternetAndDealsSteps.userNavigatesToInternetPage()&amp#27;[0m
  &amp#27;[32mAnd &amp#27;[0m&amp#27;[32mSelects the device and usage options&amp#27;[0m                                                 &amp#27;[90m# step_definitions.InternetAndDealsSteps.selectsTheDeviceAndUsageOptions()&amp#27;[0m
  &amp#27;[32mThen &amp#27;[0m&amp#27;[32mUser should see recommended internet speed&amp#27;[0m                                          &amp#27;[90m# step_definitions.InternetAndDealsSteps.userShouldSeeRecommendedInternetSpeed()&amp#27;[0m
00:48:18.209 [main] INFO  step_definitions.Hooks - close Chrome Browser
]]></system-out>
    <system-err><![CDATA[Starting ChromeDriver 93.0.4577.63 (ff5c0da2ec0adeaed5550e6c7e98417dac77d98a-refs/branch-heads/4577@{#1135}) on port 4417
Only local connections are allowed.
Please see https://chromedriver.chromium.org/security-considerations for suggestions on keeping ChromeDriver safe.
ChromeDriver was started successfully.
Sep 19, 2021 12:48:10 AM org.openqa.selenium.remote.ProtocolHandshake createSession
INFO: Detected dialect: W3C
]]></system-err>
  </testcase>
  <testcase name="user can compare internet deals for specified location" classname="xfinity internet speed and deals Scenarios" time="9.851">
    <system-out><![CDATA[
@internet_deals_options
Scenario: user can compare internet deals for specified location &amp#27;[90m# src/test/resources/Features/internetDeals.feature:15&amp#27;[0m
00:48:19.294 [main] INFO  step_definitions.Hooks - Launch Chrome Browser
  &amp#27;[32mGiven &amp#27;[0m&amp#27;[32ma user is on the Home Page&amp#27;[0m                               &amp#27;[90m# step_definitions.InternetAndDealsSteps.aUserIsOnTheXfinityHomePage()&amp#27;[0m
  &amp#27;[32mWhen &amp#27;[0m&amp#27;[32mUser navigates to all deals page&amp#27;[0m                          &amp#27;[90m# step_definitions.InternetAndDealsSteps.userNavigatesToAllDealsPage()&amp#27;[0m
  &amp#27;[32mAnd &amp#27;[0m&amp#27;[32mProvides location and selects two deals&amp#27;[0m                    &amp#27;[90m# step_definitions.InternetAndDealsSteps.providesLocationAndSelectsTwoDeals(io.cucumber.datatable.DataTable)&amp#27;[0m
  &amp#27;[32mThen &amp#27;[0m&amp#27;[32mUser can compare deals&amp#27;[0m                                    &amp#27;[90m# step_definitions.InternetAndDealsSteps.userCanCompareDeals()&amp#27;[0m
00:48:28.059 [main] INFO  step_definitions.Hooks - close Chrome Browser
]]></system-out>
    <system-err><![CDATA[Starting ChromeDriver 93.0.4577.63 (ff5c0da2ec0adeaed5550e6c7e98417dac77d98a-refs/branch-heads/4577@{#1135}) on port 25907
Only local connections are allowed.
Please see https://chromedriver.chromium.org/security-considerations for suggestions on keeping ChromeDriver safe.
ChromeDriver was started successfully.
Sep 19, 2021 12:48:19 AM org.openqa.selenium.remote.ProtocolHandshake createSession
INFO: Detected dialect: W3C
]]></system-err>
  </testcase>
  <testcase name="Login is unsuccessful with invalid credentials" classname="Login Scenarios" time="6.271">
    <system-out><![CDATA[
@login_negative_test_with_invalid_credentials
Scenario Outline: Login is unsuccessful with invalid credentials                 &amp#27;[90m# src/test/resources/Features/login.feature:15&amp#27;[0m
00:48:29.155 [main] INFO  step_definitions.Hooks - Launch Chrome Browser
  &amp#27;[32mGiven &amp#27;[0m&amp#27;[32ma user is on the Home Page&amp#27;[0m                                               &amp#27;[90m# step_definitions.InternetAndDealsSteps.aUserIsOnTheXfinityHomePage()&amp#27;[0m
  &amp#27;[32mWhen &amp#27;[0m&amp#27;[32mUser navigates to login page and enters username "&amp#27;[0m&amp#27;[32m&amp#27;[1mme&amp#27;[0m&amp#27;[32m" and password "&amp#27;[0m&amp#27;[32m&amp#27;[1m1234&amp#27;[0m&amp#27;[32m"&amp#27;[0m &amp#27;[90m# step_definitions.LoginSteps.useEntersUsernameAndPassword(java.lang.String,java.lang.String)&amp#27;[0m
  &amp#27;[32mAnd &amp#27;[0m&amp#27;[32mClick on the Sign In button&amp#27;[0m                                                &amp#27;[90m# step_definitions.LoginSteps.clickOnTheSignInButton()&amp#27;[0m
  &amp#27;[32mThen &amp#27;[0m&amp#27;[32mUser should get an error message&amp#27;[0m                                          &amp#27;[90m# step_definitions.LoginSteps.userShouldGetAndErrorMessage()&amp#27;[0m
00:48:34.330 [main] INFO  step_definitions.Hooks - close Chrome Browser
]]></system-out>
    <system-err><![CDATA[Starting ChromeDriver 93.0.4577.63 (ff5c0da2ec0adeaed5550e6c7e98417dac77d98a-refs/branch-heads/4577@{#1135}) on port 9109
Only local connections are allowed.
Please see https://chromedriver.chromium.org/security-considerations for suggestions on keeping ChromeDriver safe.
ChromeDriver was started successfully.
Sep 19, 2021 12:48:29 AM org.openqa.selenium.remote.ProtocolHandshake createSession
INFO: Detected dialect: W3C
]]></system-err>
  </testcase>
  <testcase name="Login is unsuccessful with invalid user and blank password" classname="Login Scenarios" time="5.878">
    <system-out><![CDATA[
@login_negative_test_with_username
Scenario: Login is unsuccessful with invalid user and blank password &amp#27;[90m# src/test/resources/Features/login.feature:18&amp#27;[0m
00:48:35.400 [main] INFO  step_definitions.Hooks - Launch Chrome Browser
  &amp#27;[32mGiven &amp#27;[0m&amp#27;[32ma user is on the Home Page&amp#27;[0m                                   &amp#27;[90m# step_definitions.InternetAndDealsSteps.aUserIsOnTheXfinityHomePage()&amp#27;[0m
  &amp#27;[32mWhen &amp#27;[0m&amp#27;[32mUser navigates to login page and enters username "&amp#27;[0m&amp#27;[32m&amp#27;[1mthey&amp#27;[0m&amp#27;[32m" only&amp#27;[0m  &amp#27;[90m# step_definitions.LoginSteps.userEntersUsernameOnly(java.lang.String)&amp#27;[0m
  &amp#27;[32mAnd &amp#27;[0m&amp#27;[32mClick on the Sign In button&amp#27;[0m                                    &amp#27;[90m# step_definitions.LoginSteps.clickOnTheSignInButton()&amp#27;[0m
  &amp#27;[32mThen &amp#27;[0m&amp#27;[32mUser is shown password field error and failed to login&amp#27;[0m        &amp#27;[90m# step_definitions.LoginSteps.userIsShownPasswordFieldErrorAndFailedToLogin()&amp#27;[0m
00:48:40.208 [main] INFO  step_definitions.Hooks - close Chrome Browser
]]></system-out>
    <system-err><![CDATA[Starting ChromeDriver 93.0.4577.63 (ff5c0da2ec0adeaed5550e6c7e98417dac77d98a-refs/branch-heads/4577@{#1135}) on port 18285
Only local connections are allowed.
Please see https://chromedriver.chromium.org/security-considerations for suggestions on keeping ChromeDriver safe.
ChromeDriver was started successfully.
Sep 19, 2021 12:48:35 AM org.openqa.selenium.remote.ProtocolHandshake createSession
INFO: Detected dialect: W3C
]]></system-err>
  </testcase>
  <testcase name="Login is unsuccessful with blank user and invalid password" classname="Login Scenarios" time="6.338">
    <system-out><![CDATA[
@login_negative_test_with_password
Scenario: Login is unsuccessful with blank user and invalid password &amp#27;[90m# src/test/resources/Features/login.feature:24&amp#27;[0m
00:48:41.299 [main] INFO  step_definitions.Hooks - Launch Chrome Browser
  &amp#27;[32mGiven &amp#27;[0m&amp#27;[32ma user is on the Home Page&amp#27;[0m                                   &amp#27;[90m# step_definitions.InternetAndDealsSteps.aUserIsOnTheXfinityHomePage()&amp#27;[0m
  &amp#27;[32mWhen &amp#27;[0m&amp#27;[32mUser navigates to login page and enters password "&amp#27;[0m&amp#27;[32m&amp#27;[1mthey&amp#27;[0m&amp#27;[32m" only&amp#27;[0m  &amp#27;[90m# step_definitions.LoginSteps.user_navigates_to_login_page_and_enters_password_only(java.lang.String)&amp#27;[0m
  &amp#27;[32mAnd &amp#27;[0m&amp#27;[32mClick on the Sign In button&amp#27;[0m                                    &amp#27;[90m# step_definitions.LoginSteps.clickOnTheSignInButton()&amp#27;[0m
  &amp#27;[32mThen &amp#27;[0m&amp#27;[32mUser is shown user field error and failed to login&amp#27;[0m            &amp#27;[90m# step_definitions.LoginSteps.user_is_shown_user_field_error_and_failed_to_login()&amp#27;[0m
00:48:46.547 [main] INFO  step_definitions.Hooks - close Chrome Browser
]]></system-out>
    <system-err><![CDATA[Starting ChromeDriver 93.0.4577.63 (ff5c0da2ec0adeaed5550e6c7e98417dac77d98a-refs/branch-heads/4577@{#1135}) on port 20255
Only local connections are allowed.
Please see https://chromedriver.chromium.org/security-considerations for suggestions on keeping ChromeDriver safe.
ChromeDriver was started successfully.
Sep 19, 2021 12:48:41 AM org.openqa.selenium.remote.ProtocolHandshake createSession
INFO: Detected dialect: W3C
]]></system-err>
  </testcase>
  <testcase name="Login is unsuccessful with blank user and blank password" classname="Login Scenarios" time="5.412">
    <system-out><![CDATA[
@login_negative_test_with_blank_username_and_blank_password
Scenario: Login is unsuccessful with blank user and blank password                 &amp#27;[90m# src/test/resources/Features/login.feature:30&amp#27;[0m
00:48:47.637 [main] INFO  step_definitions.Hooks - Launch Chrome Browser
  &amp#27;[32mGiven &amp#27;[0m&amp#27;[32ma user is on the Home Page&amp#27;[0m                                                 &amp#27;[90m# step_definitions.InternetAndDealsSteps.aUserIsOnTheXfinityHomePage()&amp#27;[0m
  &amp#27;[32mWhen &amp#27;[0m&amp#27;[32mUser navigates to login page&amp#27;[0m                                                &amp#27;[90m# step_definitions.LoginSteps.user_navigates_to_login_page()&amp#27;[0m
  &amp#27;[32mAnd &amp#27;[0m&amp#27;[32mClick on the Sign In button&amp#27;[0m                                                  &amp#27;[90m# step_definitions.LoginSteps.clickOnTheSignInButton()&amp#27;[0m
  &amp#27;[32mThen &amp#27;[0m&amp#27;[32mUser is shown user field error and password field error and failed to login&amp#27;[0m &amp#27;[90m# step_definitions.LoginSteps.user_is_shown_user_field_error_and_password_field_error_and_failed_to_login()&amp#27;[0m
00:48:51.960 [main] INFO  step_definitions.Hooks - close Chrome Browser
]]></system-out>
    <system-err><![CDATA[Starting ChromeDriver 93.0.4577.63 (ff5c0da2ec0adeaed5550e6c7e98417dac77d98a-refs/branch-heads/4577@{#1135}) on port 44297
Only local connections are allowed.
Please see https://chromedriver.chromium.org/security-considerations for suggestions on keeping ChromeDriver safe.
ChromeDriver was started successfully.
Sep 19, 2021 12:48:47 AM org.openqa.selenium.remote.ProtocolHandshake createSession
INFO: Detected dialect: W3C
]]></system-err>
  </testcase>
</testsuite>